{"uid":"3591346aed8edc40","name":"test_has_new_assets[Test for krest]","fullName":"tests.test_check_new_assets.TestAssets#test_has_new_assets","historyId":"3d67617994964329092e8a296bddf514","time":{"start":1716537738911,"stop":1716537738911,"duration":0},"status":"broken","statusMessage":"websocket._exceptions.WebSocketConnectionClosedException: Connection to remote host was lost.","statusTrace":"request = <SubRequest 'chain_model' for <Function test_has_new_assets[Test for krest]>>\n\n    @pytest.fixture(scope=\"module\", params=get_substrate_chains(), ids=chain_names)\n    def chain_model(request) -> Chain:\n        chain = request.param\n        execute_with_timeout(\n            timeout=FIXTURE_TIMEOUT,\n            function=chain.create_connection,\n            args=(),\n            error_message=f'Timeout {FIXTURE_TIMEOUT} when creating connection: {chain.name}'\n        )\n>       execute_with_timeout(\n            timeout=FIXTURE_TIMEOUT,\n            function=chain.init_properties,\n            args=(),\n            error_message=f'Timeout {FIXTURE_TIMEOUT} when initializing properties: {chain.name}'\n        )\n\ntests/conftest.py:64: \n_ _ _ _ _ _ _ _ _ _ _ _ _ _ _ _ _ _ _ _ _ _ _ _ _ _ _ _ _ _ _ _ _ _ _ _ _ _ _ _ \ntests/conftest.py:29: in execute_with_timeout\n    return func_timeout(timeout=timeout, func=function, args=args)\n.venv/lib/python3.10/site-packages/func_timeout/dafunc.py:108: in func_timeout\n    raise_exception(exception)\n.venv/lib/python3.10/site-packages/func_timeout/py3_raise.py:7: in raise_exception\n    raise exception[0] from None\nscripts/utils/chain_model.py:44: in init_properties\n    self.properties = get_properties(self.substrate)\nscripts/utils/metadata_interaction.py:69: in get_properties\n    symbol = substrate.properties[\"tokenSymbol\"]\n.venv/lib/python3.10/site-packages/substrateinterface/base.py:353: in properties\n    self.__properties = self.rpc_request(\"system_properties\", []).get('result')\n.venv/lib/python3.10/site-packages/substrateinterface/base.py:323: in rpc_request\n    self.__rpc_message_queue.append(json.loads(self.websocket.recv()))\n.venv/lib/python3.10/site-packages/websocket/_core.py:388: in recv\n    opcode, data = self.recv_data()\n.venv/lib/python3.10/site-packages/websocket/_core.py:416: in recv_data\n    opcode, frame = self.recv_data_frame(control_frame)\n.venv/lib/python3.10/site-packages/websocket/_core.py:437: in recv_data_frame\n    frame = self.recv_frame()\n.venv/lib/python3.10/site-packages/websocket/_core.py:478: in recv_frame\n    return self.frame_buffer.recv_frame()\n.venv/lib/python3.10/site-packages/websocket/_abnf.py:363: in recv_frame\n    self.recv_header()\n.venv/lib/python3.10/site-packages/websocket/_abnf.py:319: in recv_header\n    header = self.recv_strict(2)\n.venv/lib/python3.10/site-packages/websocket/_abnf.py:398: in recv_strict\n    bytes_ = self.recv(min(16384, shortage))\n.venv/lib/python3.10/site-packages/websocket/_core.py:563: in _recv\n    return recv(self.sock, bufsize)\n_ _ _ _ _ _ _ _ _ _ _ _ _ _ _ _ _ _ _ _ _ _ _ _ _ _ _ _ _ _ _ _ _ _ _ _ _ _ _ _ \n\nsock = <ssl.SSLSocket [closed] fd=-1, family=AddressFamily.AF_INET, type=SocketKind.SOCK_STREAM, proto=6>\nbufsize = 2\n\n    def recv(sock: socket.socket, bufsize: int) -> bytes:\n        if not sock:\n            raise WebSocketConnectionClosedException(\"socket is already closed.\")\n    \n        def _recv():\n            try:\n                return sock.recv(bufsize)\n            except SSLWantReadError:\n                pass\n            except socket.error as exc:\n                error_code = extract_error_code(exc)\n                if error_code not in [errno.EAGAIN, errno.EWOULDBLOCK]:\n                    raise\n    \n            sel = selectors.DefaultSelector()\n            sel.register(sock, selectors.EVENT_READ)\n    \n            r = sel.select(sock.gettimeout())\n            sel.close()\n    \n            if r:\n                return sock.recv(bufsize)\n    \n        try:\n            if sock.gettimeout() == 0:\n                bytes_ = sock.recv(bufsize)\n            else:\n                bytes_ = _recv()\n        except TimeoutError:\n            raise WebSocketTimeoutException(\"Connection timed out\")\n        except socket.timeout as e:\n            message = extract_err_message(e)\n            raise WebSocketTimeoutException(message)\n        except SSLError as e:\n            message = extract_err_message(e)\n            if isinstance(message, str) and \"timed out\" in message:\n                raise WebSocketTimeoutException(message)\n            else:\n                raise\n    \n        if not bytes_:\n>           raise WebSocketConnectionClosedException(\"Connection to remote host was lost.\")\nE           websocket._exceptions.WebSocketConnectionClosedException: Connection to remote host was lost.\n\n.venv/lib/python3.10/site-packages/websocket/_socket.py:129: WebSocketConnectionClosedException","flaky":false,"newFailed":false,"newBroken":false,"newPassed":false,"retriesCount":0,"retriesStatusChange":false,"beforeStages":[{"name":"chain_model","time":{"start":1716537738912,"stop":1716537744131,"duration":5219},"status":"broken","statusMessage":"websocket._exceptions.WebSocketConnectionClosedException: Connection to remote host was lost.\n","statusTrace":"  File \"/home/runner/work/test-runner/test-runner/nova-utils/.venv/lib/python3.10/site-packages/pluggy/_callers.py\", line 77, in _multicall\n    res = hook_impl.function(*args)\n  File \"/home/runner/work/test-runner/test-runner/nova-utils/.venv/lib/python3.10/site-packages/_pytest/fixtures.py\", line 1128, in pytest_fixture_setup\n    result = call_fixture_func(fixturefunc, request, kwargs)\n  File \"/home/runner/work/test-runner/test-runner/nova-utils/.venv/lib/python3.10/site-packages/_pytest/fixtures.py\", line 907, in call_fixture_func\n    fixture_result = fixturefunc(**kwargs)\n  File \"/home/runner/work/test-runner/test-runner/nova-utils/tests/conftest.py\", line 64, in chain_model\n    execute_with_timeout(\n  File \"/home/runner/work/test-runner/test-runner/nova-utils/tests/conftest.py\", line 29, in execute_with_timeout\n    return func_timeout(timeout=timeout, func=function, args=args)\n  File \"/home/runner/work/test-runner/test-runner/nova-utils/.venv/lib/python3.10/site-packages/func_timeout/dafunc.py\", line 108, in func_timeout\n    raise_exception(exception)\n  File \"/home/runner/work/test-runner/test-runner/nova-utils/.venv/lib/python3.10/site-packages/func_timeout/py3_raise.py\", line 7, in raise_exception\n    raise exception[0] from None\n  File \"/home/runner/work/test-runner/test-runner/nova-utils/scripts/utils/chain_model.py\", line 44, in init_properties\n    self.properties = get_properties(self.substrate)\n  File \"/home/runner/work/test-runner/test-runner/nova-utils/scripts/utils/metadata_interaction.py\", line 69, in get_properties\n    symbol = substrate.properties[\"tokenSymbol\"]\n  File \"/home/runner/work/test-runner/test-runner/nova-utils/.venv/lib/python3.10/site-packages/substrateinterface/base.py\", line 353, in properties\n    self.__properties = self.rpc_request(\"system_properties\", []).get('result')\n  File \"/home/runner/work/test-runner/test-runner/nova-utils/.venv/lib/python3.10/site-packages/substrateinterface/base.py\", line 323, in rpc_request\n    self.__rpc_message_queue.append(json.loads(self.websocket.recv()))\n  File \"/home/runner/work/test-runner/test-runner/nova-utils/.venv/lib/python3.10/site-packages/websocket/_core.py\", line 388, in recv\n    opcode, data = self.recv_data()\n  File \"/home/runner/work/test-runner/test-runner/nova-utils/.venv/lib/python3.10/site-packages/websocket/_core.py\", line 416, in recv_data\n    opcode, frame = self.recv_data_frame(control_frame)\n  File \"/home/runner/work/test-runner/test-runner/nova-utils/.venv/lib/python3.10/site-packages/websocket/_core.py\", line 437, in recv_data_frame\n    frame = self.recv_frame()\n  File \"/home/runner/work/test-runner/test-runner/nova-utils/.venv/lib/python3.10/site-packages/websocket/_core.py\", line 478, in recv_frame\n    return self.frame_buffer.recv_frame()\n  File \"/home/runner/work/test-runner/test-runner/nova-utils/.venv/lib/python3.10/site-packages/websocket/_abnf.py\", line 363, in recv_frame\n    self.recv_header()\n  File \"/home/runner/work/test-runner/test-runner/nova-utils/.venv/lib/python3.10/site-packages/websocket/_abnf.py\", line 319, in recv_header\n    header = self.recv_strict(2)\n  File \"/home/runner/work/test-runner/test-runner/nova-utils/.venv/lib/python3.10/site-packages/websocket/_abnf.py\", line 398, in recv_strict\n    bytes_ = self.recv(min(16384, shortage))\n  File \"/home/runner/work/test-runner/test-runner/nova-utils/.venv/lib/python3.10/site-packages/websocket/_core.py\", line 563, in _recv\n    return recv(self.sock, bufsize)\n  File \"/home/runner/work/test-runner/test-runner/nova-utils/.venv/lib/python3.10/site-packages/websocket/_socket.py\", line 129, in recv\n    raise WebSocketConnectionClosedException(\"Connection to remote host was lost.\")\n","steps":[],"attachments":[],"parameters":[],"shouldDisplayMessage":true,"stepsCount":0,"attachmentsCount":0,"hasContent":true,"attachmentStep":false},{"name":"chain_model","time":{"start":1716537749240,"stop":1716537764360,"duration":15120},"status":"broken","statusMessage":"tests.conftest.FixtureTimeoutError: Timeout 15 when creating connection: krest\n","statusTrace":"  File \"/home/runner/work/test-runner/test-runner/nova-utils/.venv/lib/python3.10/site-packages/pluggy/_callers.py\", line 77, in _multicall\n    res = hook_impl.function(*args)\n  File \"/home/runner/work/test-runner/test-runner/nova-utils/.venv/lib/python3.10/site-packages/_pytest/fixtures.py\", line 1128, in pytest_fixture_setup\n    result = call_fixture_func(fixturefunc, request, kwargs)\n  File \"/home/runner/work/test-runner/test-runner/nova-utils/.venv/lib/python3.10/site-packages/_pytest/fixtures.py\", line 907, in call_fixture_func\n    fixture_result = fixturefunc(**kwargs)\n  File \"/home/runner/work/test-runner/test-runner/nova-utils/tests/conftest.py\", line 58, in chain_model\n    execute_with_timeout(\n  File \"/home/runner/work/test-runner/test-runner/nova-utils/tests/conftest.py\", line 34, in execute_with_timeout\n    raise FixtureTimeoutError(error_message)\n","steps":[{"name":"Function timed out","time":{"start":1716537764359,"stop":1716537764360,"duration":1},"status":"passed","steps":[],"attachments":[{"uid":"5ca55c8d9911c7b6","name":"Error","source":"5ca55c8d9911c7b6.txt","type":"text/plain","size":42}],"parameters":[],"shouldDisplayMessage":false,"stepsCount":0,"attachmentsCount":1,"hasContent":true,"attachmentStep":false}],"attachments":[],"parameters":[],"shouldDisplayMessage":true,"stepsCount":1,"attachmentsCount":1,"hasContent":true,"attachmentStep":false},{"name":"chain_model","time":{"start":1716537769379,"stop":1716537785347,"duration":15968},"status":"passed","steps":[],"attachments":[],"parameters":[],"shouldDisplayMessage":false,"stepsCount":0,"attachmentsCount":0,"hasContent":false,"attachmentStep":false}],"afterStages":[],"labels":[{"name":"parentSuite","value":"tests"},{"name":"suite","value":"test_check_new_assets"},{"name":"subSuite","value":"TestAssets"},{"name":"host","value":"fv-az1380-906"},{"name":"thread","value":"2173-MainThread"},{"name":"framework","value":"pytest"},{"name":"language","value":"cpython3"},{"name":"package","value":"tests.test_check_new_assets"},{"name":"resultFormat","value":"allure2"}],"parameters":[{"name":"chain_model","value":"<scripts.utils.chain_model.Chain object at 0x7f0ac8dcb1f0>"}],"links":[],"hidden":true,"retry":true,"extra":{"categories":[],"tags":[]},"source":"3591346aed8edc40.json","parameterValues":["<scripts.utils.chain_model.Chain object at 0x7f0ac8dcb1f0>"]}